<?xml version="1.0" encoding="UTF-8" ?>
<testsuite tests="41" failures="0" name="br.ce.brsimoes.runners.RunnerTest" time="0.017" errors="0" skipped="7">
  <properties>
    <property name="java.runtime.name" value="Java(TM) SE Runtime Environment"/>
    <property name="cucumber.options" value="src/test/resources/features/Aprender_cucumber.feature"/>
    <property name="sun.boot.library.path" value="C:\Program Files\Java\jre1.8.0_201\bin"/>
    <property name="java.vm.version" value="25.201-b09"/>
    <property name="java.vm.vendor" value="Oracle Corporation"/>
    <property name="maven.multiModuleProjectDirectory" value="D:\Bruno\Documents\Projetos Automação\CursoCucumber"/>
    <property name="java.vendor.url" value="http://java.oracle.com/"/>
    <property name="path.separator" value=";"/>
    <property name="guice.disable.misplaced.annotation.check" value="true"/>
    <property name="java.vm.name" value="Java HotSpot(TM) 64-Bit Server VM"/>
    <property name="file.encoding.pkg" value="sun.io"/>
    <property name="user.script" value=""/>
    <property name="user.country" value="BR"/>
    <property name="sun.java.launcher" value="SUN_STANDARD"/>
    <property name="sun.os.patch.level" value=""/>
    <property name="java.vm.specification.name" value="Java Virtual Machine Specification"/>
    <property name="user.dir" value="D:\Bruno\Documents\Projetos Automação\CursoCucumber"/>
    <property name="java.runtime.version" value="1.8.0_201-b09"/>
    <property name="java.awt.graphicsenv" value="sun.awt.Win32GraphicsEnvironment"/>
    <property name="java.endorsed.dirs" value="C:\Program Files\Java\jre1.8.0_201\lib\endorsed"/>
    <property name="os.arch" value="amd64"/>
    <property name="java.io.tmpdir" value="C:\Users\Bruno\AppData\Local\Temp\"/>
    <property name="line.separator" value="
"/>
    <property name="java.vm.specification.vendor" value="Oracle Corporation"/>
    <property name="user.variant" value=""/>
    <property name="os.name" value="Windows 10"/>
    <property name="classworlds.conf" value="C:\apache-maven-3.8.4\bin\m2.conf"/>
    <property name="sun.jnu.encoding" value="Cp1252"/>
    <property name="java.library.path" value="C:\Program Files (x86)\Common Files\Oracle\Java\javapath;C:\Windows\Sun\Java\bin;C:\Windows\system32;C:\Windows;C:\Program Files (x86)\Common Files\Oracle\Java\javapath;C:\Windows\system32;C:\Windows;C:\Windows\System32\Wbem;C:\Windows\System32\WindowsPowerShell\v1.0\;C:\Windows\System32\OpenSSH\;C:\Program Files\Git\cmd;C:\apache-maven-3.8.4\bin;C:\Users\Bruno\AppData\Local\Microsoft\WindowsApps;."/>
    <property name="maven.conf" value="C:\apache-maven-3.8.4/conf"/>
    <property name="java.specification.name" value="Java Platform API Specification"/>
    <property name="java.class.version" value="52.0"/>
    <property name="sun.management.compiler" value="HotSpot 64-Bit Tiered Compilers"/>
    <property name="os.version" value="10.0"/>
    <property name="library.jansi.path" value="C:\apache-maven-3.8.4\lib\jansi-native"/>
    <property name="user.home" value="C:\Users\Bruno"/>
    <property name="user.timezone" value="America/Sao_Paulo"/>
    <property name="java.awt.printerjob" value="sun.awt.windows.WPrinterJob"/>
    <property name="java.specification.version" value="1.8"/>
    <property name="file.encoding" value="Cp1252"/>
    <property name="user.name" value="Bruno"/>
    <property name="java.class.path" value="C:\apache-maven-3.8.4\boot\plexus-classworlds-2.6.0.jar"/>
    <property name="java.vm.specification.version" value="1.8"/>
    <property name="sun.arch.data.model" value="64"/>
    <property name="java.home" value="C:\Program Files\Java\jre1.8.0_201"/>
    <property name="sun.java.command" value="org.codehaus.plexus.classworlds.launcher.Launcher test -Dcucumber.options=src/test/resources/features/Aprender_cucumber.feature"/>
    <property name="java.specification.vendor" value="Oracle Corporation"/>
    <property name="user.language" value="pt"/>
    <property name="awt.toolkit" value="sun.awt.windows.WToolkit"/>
    <property name="java.vm.info" value="mixed mode"/>
    <property name="java.version" value="1.8.0_201"/>
    <property name="java.ext.dirs" value="C:\Program Files\Java\jre1.8.0_201\lib\ext;C:\Windows\Sun\Java\lib\ext"/>
    <property name="sun.boot.class.path" value="C:\Program Files\Java\jre1.8.0_201\lib\resources.jar;C:\Program Files\Java\jre1.8.0_201\lib\rt.jar;C:\Program Files\Java\jre1.8.0_201\lib\sunrsasign.jar;C:\Program Files\Java\jre1.8.0_201\lib\jsse.jar;C:\Program Files\Java\jre1.8.0_201\lib\jce.jar;C:\Program Files\Java\jre1.8.0_201\lib\charsets.jar;C:\Program Files\Java\jre1.8.0_201\lib\jfr.jar;C:\Program Files\Java\jre1.8.0_201\classes"/>
    <property name="sun.stderr.encoding" value="cp850"/>
    <property name="java.vendor" value="Oracle Corporation"/>
    <property name="maven.home" value="C:\apache-maven-3.8.4"/>
    <property name="file.separator" value="\"/>
    <property name="java.vendor.url.bug" value="http://bugreport.sun.com/bugreport/"/>
    <property name="sun.cpu.endian" value="little"/>
    <property name="sun.io.unicode.encoding" value="UnicodeLittle"/>
    <property name="sun.stdout.encoding" value="cp850"/>
    <property name="sun.desktop" value="windows"/>
    <property name="sun.cpu.isalist" value="amd64"/>
  </properties>
  <testcase classname="Cenário: Deve executar especificação" name="Dado que criei o arquivo corretamente" time="0.001"/>
  <testcase classname="Cenário: Deve executar especificação" name="Quando eu executá-lo" time="0"/>
  <testcase classname="Cenário: Deve executar especificação" name="Então a especificação deve finalizar com sucesso" time="0"/>
  <testcase classname="Cenário: Deve executar especificação" name="Cenário: Deve executar especificação" time="0"/>
  <testcase classname="Cenário: Deve incrementar contador" name="Dado que o valor do contador é 15" time="0"/>
  <testcase classname="Cenário: Deve incrementar contador" name="Quando eu incrementar em 3" time="0"/>
  <testcase classname="Cenário: Deve incrementar contador" name="Então o valor do contador será 18" time="0"/>
  <testcase classname="Cenário: Deve incrementar contador" name="Cenário: Deve incrementar contador" time="0"/>
  <testcase classname="Cenário: Deve incrementar contador" name="Dado que o valor do contador é 123" time="0"/>
  <testcase classname="Cenário: Deve incrementar contador" name="Quando eu incrementar em 35" time="0"/>
  <testcase classname="Cenário: Deve incrementar contador" name="Então o valor do contador será 158" time="0"/>
  <testcase classname="Cenário: Deve incrementar contador" name="Cenário: Deve incrementar contador" time="0"/>
  <testcase classname="Cenário: Deve calcular atraso na entrega" name="Dado que a entrega é dia 05/04/2019" time="0"/>
  <testcase classname="Cenário: Deve calcular atraso na entrega" name="Quando a entrega atrasar em 2 dias" time="0"/>
  <testcase classname="Cenário: Deve calcular atraso na entrega" name="Então a entrega será efetuada em 07/04/2019" time="0"/>
  <testcase classname="Cenário: Deve calcular atraso na entrega" name="Cenário: Deve calcular atraso na entrega" time="0"/>
  <testcase classname="Cenário: Deve calcular atraso no prazo de entrega da China" name="Dado que a entrega é dia 05/04/2019" time="0"/>
  <testcase classname="Cenário: Deve calcular atraso no prazo de entrega da China" name="Quando a entrega atrasar em 2 meses" time="0"/>
  <testcase classname="Cenário: Deve calcular atraso no prazo de entrega da China" name="Então a entrega será efetuada em 05/06/2019" time="0"/>
  <testcase classname="Cenário: Deve calcular atraso no prazo de entrega da China" name="Cenário: Deve calcular atraso no prazo de entrega da China" time="0"/>
  <testcase classname="Cenário: Deve criar steps genéricos para estes passos" name="Dado que o ticket é AF345" time="0"/>
  <testcase classname="Cenário: Deve criar steps genéricos para estes passos" name="E que o valor da passagem é R$ 230,45" time="0"/>
  <testcase classname="Cenário: Deve criar steps genéricos para estes passos" name="E que o nome do passageiro é &quot;Fulano da Silva&quot;" time="0"/>
  <testcase classname="Cenário: Deve criar steps genéricos para estes passos" name="E que o telefone do passageiro é 9999-9999" time="0"/>
  <testcase classname="Cenário: Deve criar steps genéricos para estes passos" name="Quando criar os steps" time="0"/>
  <testcase classname="Cenário: Deve criar steps genéricos para estes passos" name="Então o teste vai funcionar" time="0"/>
  <testcase classname="Cenário: Deve criar steps genéricos para estes passos" name="Cenário: Deve criar steps genéricos para estes passos" time="0"/>
  <testcase classname="Cenário: Deve reaproveitar os steps &quot;Dado&quot; do cenário anterior" name="Dado que o ticket é AB167" time="0"/>
  <testcase classname="Cenário: Deve reaproveitar os steps &quot;Dado&quot; do cenário anterior" name="Dado que o ticket especial é AB167" time="0"/>
  <testcase classname="Cenário: Deve reaproveitar os steps &quot;Dado&quot; do cenário anterior" name="Dado que o valor da passagem é R$ 1120,23" time="0"/>
  <testcase classname="Cenário: Deve reaproveitar os steps &quot;Dado&quot; do cenário anterior" name="Dado que o nome do passageiro é &quot;Cicrano de Oliveira&quot;" time="0"/>
  <testcase classname="Cenário: Deve reaproveitar os steps &quot;Dado&quot; do cenário anterior" name="Dado que o telefone do passageiro é 9888-8888" time="0"/>
  <testcase classname="Cenário: Deve reaproveitar os steps &quot;Dado&quot; do cenário anterior" name="Cenário: Deve reaproveitar os steps &quot;Dado&quot; do cenário anterior" time="0"/>
  <testcase classname="Cenário: Deve negar todos os steps &quot;Dado&quot; dos cenários anteriores" name="Dado que o ticket é CD123" time="0.002">
    <skipped/>
    <system-out>
  Cenário: Deve reaproveitar os steps &quot;Dado&quot; do cenário anterior &amp;#27;[90m# src/test/resources/features/Aprender_cucumber.feature:42&amp;#27;[0m
    &amp;#27;[32mDado &amp;#27;[0m&amp;#27;[32mque o ticket é &amp;#27;[0m&amp;#27;[32m&amp;#27;[1mAB167&amp;#27;[0m                                    &amp;#27;[90m# AprenderCucumberSteps.queOTicketÉ(String,String)&amp;#27;[0m
    &amp;#27;[32mDado &amp;#27;[0m&amp;#27;[32mque o ticket&amp;#27;[0m&amp;#27;[32m&amp;#27;[1m especial&amp;#27;[0m&amp;#27;[32m é &amp;#27;[0m&amp;#27;[32m&amp;#27;[1mAB167&amp;#27;[0m                           &amp;#27;[90m# AprenderCucumberSteps.queOTicketÉ(String,String)&amp;#27;[0m
    &amp;#27;[32mDado &amp;#27;[0m&amp;#27;[32mque o valor da passagem é R$ &amp;#27;[0m&amp;#27;[32m&amp;#27;[1m1120,23&amp;#27;[0m                    &amp;#27;[90m# AprenderCucumberSteps.queOValorDaPassagemÉR$(Double)&amp;#27;[0m
    &amp;#27;[32mDado &amp;#27;[0m&amp;#27;[32mque o nome do passageiro é &quot;&amp;#27;[0m&amp;#27;[32m&amp;#27;[1mCicrano de Oliveira&amp;#27;[0m&amp;#27;[32m&quot;&amp;#27;[0m        &amp;#27;[90m# AprenderCucumberSteps.queONomeDoPassageiroÉ(String)&amp;#27;[0m
    &amp;#27;[32mDado &amp;#27;[0m&amp;#27;[32mque o telefone do passageiro é &amp;#27;[0m&amp;#27;[32m&amp;#27;[1m9888-8888&amp;#27;[0m                &amp;#27;[90m# AprenderCucumberSteps.queOTelefoneDoPassageiroÉ(String)&amp;#27;[0m
</system-out>
  </testcase>
  <testcase classname="Cenário: Deve negar todos os steps &quot;Dado&quot; dos cenários anteriores" name="Dado que o ticket é AG1234" time="0.002">
    <skipped/>
  </testcase>
  <testcase classname="Cenário: Deve negar todos os steps &quot;Dado&quot; dos cenários anteriores" name="Dado que o valor da passagem é R$ 1.1345,56" time="0.002">
    <skipped/>
  </testcase>
  <testcase classname="Cenário: Deve negar todos os steps &quot;Dado&quot; dos cenários anteriores" name="Dado que o nome do passageiro é &quot;Beltrano Souza Matos de Alcântara Azevedo&quot;" time="0.002">
    <skipped/>
  </testcase>
  <testcase classname="Cenário: Deve negar todos os steps &quot;Dado&quot; dos cenários anteriores" name="Dado que o telefone do passageiro é 1234-5678" time="0.002">
    <skipped/>
  </testcase>
  <testcase classname="Cenário: Deve negar todos os steps &quot;Dado&quot; dos cenários anteriores" name="Dado que o telefone do passageiro é 999-2223" time="0.002">
    <skipped/>
  </testcase>
  <testcase classname="Cenário: Deve negar todos os steps &quot;Dado&quot; dos cenários anteriores" name="Cenário: Deve negar todos os steps &quot;Dado&quot; dos cenários anteriores" time="0.002">
    <skipped/>
  </testcase>
  <testcase classname="Cenário: Deve negar todos os steps &quot;Dado&quot; dos cenários anteriores" name="Cenário: Deve negar todos os steps &quot;Dado&quot; dos cenários anteriores" time="0.002"/>
</testsuite>